[2022-08-28T15:36:39.769+0600] {manager.py:480} INFO - Processing files using up to 1 processes at a time 
[2022-08-28T15:36:39.770+0600] {manager.py:481} INFO - Process each file at most once every 30 seconds
[2022-08-28T15:36:39.772+0600] {manager.py:483} INFO - Checking for new files in /Users/khoundokarzahid/Stack/github/airflow-stuff/dags every 300 seconds
[2022-08-28T15:36:39.774+0600] {manager.py:709} INFO - Searching for files in /Users/khoundokarzahid/Stack/github/airflow-stuff/dags
[2022-08-28T15:36:39.834+0600] {manager.py:712} INFO - There are 35 files in /Users/khoundokarzahid/Stack/github/airflow-stuff/dags
[2022-08-28T15:37:06.721+0600] {manager.py:828} INFO - 
================================================================================
DAG File Processing Stats

File Path                                                                                                                                               PID    Runtime      # DAGs    # Errors  Last Runtime    Last Run
------------------------------------------------------------------------------------------------------------------------------------------------------  -----  ---------  --------  ----------  --------------  -------------------
/Users/khoundokarzahid/Stack/github/airflow-stuff/dags/my_dag.py                                                                                                                 0           1  0.11s           2022-08-28T09:36:39
/Users/khoundokarzahid/opt/anaconda3/envs/airflow-tutorial/lib/python3.7/site-packages/airflow/example_dags/example_latest_only.py                                               0           0
/Users/khoundokarzahid/opt/anaconda3/envs/airflow-tutorial/lib/python3.7/site-packages/airflow/example_dags/example_local_kubernetes_executor.py                                 0           0  0.10s           2022-08-28T09:37:06
/Users/khoundokarzahid/opt/anaconda3/envs/airflow-tutorial/lib/python3.7/site-packages/airflow/example_dags/example_complex.py                                                   0           0
/Users/khoundokarzahid/opt/anaconda3/envs/airflow-tutorial/lib/python3.7/site-packages/airflow/example_dags/example_external_task_marker_dag.py                                  0           0
/Users/khoundokarzahid/opt/anaconda3/envs/airflow-tutorial/lib/python3.7/site-packages/airflow/example_dags/example_bash_operator.py                                             0           0
/Users/khoundokarzahid/opt/anaconda3/envs/airflow-tutorial/lib/python3.7/site-packages/airflow/example_dags/example_branch_operator.py                                           0           0
/Users/khoundokarzahid/opt/anaconda3/envs/airflow-tutorial/lib/python3.7/site-packages/airflow/example_dags/example_branch_labels.py                                             0           0
/Users/khoundokarzahid/opt/anaconda3/envs/airflow-tutorial/lib/python3.7/site-packages/airflow/example_dags/example_latest_only_with_trigger.py                                  0           0
/Users/khoundokarzahid/opt/anaconda3/envs/airflow-tutorial/lib/python3.7/site-packages/airflow/example_dags/example_dag_decorator.py                                             0           0
/Users/khoundokarzahid/opt/anaconda3/envs/airflow-tutorial/lib/python3.7/site-packages/airflow/example_dags/example_branch_operator_decorator.py                                 0           0
/Users/khoundokarzahid/opt/anaconda3/envs/airflow-tutorial/lib/python3.7/site-packages/airflow/example_dags/example_branch_day_of_week_operator.py                               0           0
/Users/khoundokarzahid/opt/anaconda3/envs/airflow-tutorial/lib/python3.7/site-packages/airflow/example_dags/example_kubernetes_executor.py                                       0           0
/Users/khoundokarzahid/opt/anaconda3/envs/airflow-tutorial/lib/python3.7/site-packages/airflow/example_dags/example_branch_python_dop_operator_3.py                              0           0
/Users/khoundokarzahid/opt/anaconda3/envs/airflow-tutorial/lib/python3.7/site-packages/airflow/example_dags/example_branch_datetime_operator.py                                  0           0
/Users/khoundokarzahid/opt/anaconda3/envs/airflow-tutorial/lib/python3.7/site-packages/airflow/example_dags/plugins/workday.py                                                   0           0  0.10s           2022-08-28T09:36:42
/Users/khoundokarzahid/opt/anaconda3/envs/airflow-tutorial/lib/python3.7/site-packages/airflow/example_dags/subdags/subdag.py                                                    0           0  0.11s           2022-08-28T09:36:41
/Users/khoundokarzahid/opt/anaconda3/envs/airflow-tutorial/lib/python3.7/site-packages/airflow/example_dags/example_task_group_decorator.py                                      1           0  0.41s           2022-08-28T09:36:55
/Users/khoundokarzahid/opt/anaconda3/envs/airflow-tutorial/lib/python3.7/site-packages/airflow/example_dags/example_python_operator.py                                           1           0  0.31s           2022-08-28T09:37:02
/Users/khoundokarzahid/opt/anaconda3/envs/airflow-tutorial/lib/python3.7/site-packages/airflow/example_dags/tutorial_taskflow_api_etl.py                                         1           0  0.31s           2022-08-28T09:36:45
/Users/khoundokarzahid/opt/anaconda3/envs/airflow-tutorial/lib/python3.7/site-packages/airflow/example_dags/example_short_circuit_operator.py                                    1           0  0.20s           2022-08-28T09:37:01
/Users/khoundokarzahid/opt/anaconda3/envs/airflow-tutorial/lib/python3.7/site-packages/airflow/example_dags/tutorial_etl_dag.py                                                  1           0  0.21s           2022-08-28T09:36:46
/Users/khoundokarzahid/opt/anaconda3/envs/airflow-tutorial/lib/python3.7/site-packages/airflow/example_dags/example_task_group.py                                                1           0  0.31s           2022-08-28T09:36:56
/Users/khoundokarzahid/opt/anaconda3/envs/airflow-tutorial/lib/python3.7/site-packages/airflow/example_dags/tutorial_taskflow_api_etl_virtualenv.py                              1           0  0.31s           2022-08-28T09:36:43
/Users/khoundokarzahid/opt/anaconda3/envs/airflow-tutorial/lib/python3.7/site-packages/airflow/example_dags/tutorial.py                                                          1           0  0.20s           2022-08-28T09:36:47
/Users/khoundokarzahid/opt/anaconda3/envs/airflow-tutorial/lib/python3.7/site-packages/airflow/example_dags/example_sla_dag.py                                                   1           0  0.31s           2022-08-28T09:36:59
/Users/khoundokarzahid/opt/anaconda3/envs/airflow-tutorial/lib/python3.7/site-packages/airflow/example_dags/example_passing_params_via_test_command.py                           1           0  0.31s           2022-08-28T09:37:04
/Users/khoundokarzahid/opt/anaconda3/envs/airflow-tutorial/lib/python3.7/site-packages/airflow/example_dags/example_time_delta_sensor_async.py                                   1           0  0.41s           2022-08-28T09:36:54
/Users/khoundokarzahid/opt/anaconda3/envs/airflow-tutorial/lib/python3.7/site-packages/airflow/example_dags/example_xcom.py                                                      1           0  0.31s           2022-08-28T09:36:50
/Users/khoundokarzahid/opt/anaconda3/envs/airflow-tutorial/lib/python3.7/site-packages/airflow/example_dags/example_skip_dag.py                                                  1           0  0.20s           2022-08-28T09:37:00
/Users/khoundokarzahid/opt/anaconda3/envs/airflow-tutorial/lib/python3.7/site-packages/airflow/example_dags/example_trigger_target_dag.py                                        1           0  0.31s           2022-08-28T09:36:51
/Users/khoundokarzahid/opt/anaconda3/envs/airflow-tutorial/lib/python3.7/site-packages/airflow/example_dags/example_nested_branch_dag.py                                         1           0  0.21s           2022-08-28T09:37:05
/Users/khoundokarzahid/opt/anaconda3/envs/airflow-tutorial/lib/python3.7/site-packages/airflow/example_dags/example_trigger_controller_dag.py                                    1           0  0.20s           2022-08-28T09:36:52
/Users/khoundokarzahid/opt/anaconda3/envs/airflow-tutorial/lib/python3.7/site-packages/airflow/example_dags/example_xcomargs.py                                                  2           0  0.31s           2022-08-28T09:36:48
/Users/khoundokarzahid/opt/anaconda3/envs/airflow-tutorial/lib/python3.7/site-packages/airflow/example_dags/example_subdag_operator.py                                           3           0  0.61s           2022-08-28T09:36:58
================================================================================
[2022-08-28T15:37:36.940+0600] {manager.py:828} INFO - 
================================================================================
DAG File Processing Stats

File Path                                                                                                                                               PID    Runtime      # DAGs    # Errors  Last Runtime    Last Run
------------------------------------------------------------------------------------------------------------------------------------------------------  -----  ---------  --------  ----------  --------------  -------------------
/Users/khoundokarzahid/Stack/github/airflow-stuff/dags/my_dag.py                                                                                                                 0           1  0.10s           2022-08-28T09:37:33
/Users/khoundokarzahid/opt/anaconda3/envs/airflow-tutorial/lib/python3.7/site-packages/airflow/example_dags/example_local_kubernetes_executor.py                                 0           0  0.10s           2022-08-28T09:37:06
/Users/khoundokarzahid/opt/anaconda3/envs/airflow-tutorial/lib/python3.7/site-packages/airflow/example_dags/example_kubernetes_executor.py                                       0           0  0.10s           2022-08-28T09:37:10
/Users/khoundokarzahid/opt/anaconda3/envs/airflow-tutorial/lib/python3.7/site-packages/airflow/example_dags/plugins/workday.py                                                   0           0  0.10s           2022-08-28T09:37:24
/Users/khoundokarzahid/opt/anaconda3/envs/airflow-tutorial/lib/python3.7/site-packages/airflow/example_dags/subdags/subdag.py                                                    0           0  0.10s           2022-08-28T09:37:23
/Users/khoundokarzahid/opt/anaconda3/envs/airflow-tutorial/lib/python3.7/site-packages/airflow/example_dags/example_latest_only.py                                               1           0  0.31s           2022-08-28T09:37:09
/Users/khoundokarzahid/opt/anaconda3/envs/airflow-tutorial/lib/python3.7/site-packages/airflow/example_dags/example_task_group_decorator.py                                      1           0  0.20s           2022-08-28T09:37:36
/Users/khoundokarzahid/opt/anaconda3/envs/airflow-tutorial/lib/python3.7/site-packages/airflow/example_dags/example_complex.py                                                   1           0  0.31s           2022-08-28T09:37:13
/Users/khoundokarzahid/opt/anaconda3/envs/airflow-tutorial/lib/python3.7/site-packages/airflow/example_dags/example_python_operator.py                                           1           0  0.31s           2022-08-28T09:37:02
/Users/khoundokarzahid/opt/anaconda3/envs/airflow-tutorial/lib/python3.7/site-packages/airflow/example_dags/tutorial_taskflow_api_etl.py                                         1           0  0.21s           2022-08-28T09:37:26
/Users/khoundokarzahid/opt/anaconda3/envs/airflow-tutorial/lib/python3.7/site-packages/airflow/example_dags/example_bash_operator.py                                             1           0  0.20s           2022-08-28T09:37:21
/Users/khoundokarzahid/opt/anaconda3/envs/airflow-tutorial/lib/python3.7/site-packages/airflow/example_dags/example_short_circuit_operator.py                                    1           0  0.20s           2022-08-28T09:37:01
/Users/khoundokarzahid/opt/anaconda3/envs/airflow-tutorial/lib/python3.7/site-packages/airflow/example_dags/example_branch_operator.py                                           1           0  0.21s           2022-08-28T09:37:17
/Users/khoundokarzahid/opt/anaconda3/envs/airflow-tutorial/lib/python3.7/site-packages/airflow/example_dags/tutorial_etl_dag.py                                                  1           0  0.21s           2022-08-28T09:37:28
/Users/khoundokarzahid/opt/anaconda3/envs/airflow-tutorial/lib/python3.7/site-packages/airflow/example_dags/example_branch_labels.py                                             1           0  0.20s           2022-08-28T09:37:18
/Users/khoundokarzahid/opt/anaconda3/envs/airflow-tutorial/lib/python3.7/site-packages/airflow/example_dags/example_task_group.py                                                1           0  0.31s           2022-08-28T09:36:56
/Users/khoundokarzahid/opt/anaconda3/envs/airflow-tutorial/lib/python3.7/site-packages/airflow/example_dags/tutorial_taskflow_api_etl_virtualenv.py                              1           0  0.20s           2022-08-28T09:37:25
/Users/khoundokarzahid/opt/anaconda3/envs/airflow-tutorial/lib/python3.7/site-packages/airflow/example_dags/tutorial.py                                                          1           0  0.10s           2022-08-28T09:37:29
/Users/khoundokarzahid/opt/anaconda3/envs/airflow-tutorial/lib/python3.7/site-packages/airflow/example_dags/example_sla_dag.py                                                   1           0  0.31s           2022-08-28T09:36:59
/Users/khoundokarzahid/opt/anaconda3/envs/airflow-tutorial/lib/python3.7/site-packages/airflow/example_dags/example_passing_params_via_test_command.py                           1           0  0.31s           2022-08-28T09:37:04
/Users/khoundokarzahid/opt/anaconda3/envs/airflow-tutorial/lib/python3.7/site-packages/airflow/example_dags/example_latest_only_with_trigger.py                                  1           0  0.31s           2022-08-28T09:37:08
/Users/khoundokarzahid/opt/anaconda3/envs/airflow-tutorial/lib/python3.7/site-packages/airflow/example_dags/example_time_delta_sensor_async.py                                   1           0  0.30s           2022-08-28T09:37:35
/Users/khoundokarzahid/opt/anaconda3/envs/airflow-tutorial/lib/python3.7/site-packages/airflow/example_dags/example_dag_decorator.py                                             1           0  0.31s           2022-08-28T09:37:12
/Users/khoundokarzahid/opt/anaconda3/envs/airflow-tutorial/lib/python3.7/site-packages/airflow/example_dags/example_xcom.py                                                      1           0  0.20s           2022-08-28T09:37:30
/Users/khoundokarzahid/opt/anaconda3/envs/airflow-tutorial/lib/python3.7/site-packages/airflow/example_dags/example_branch_operator_decorator.py                                 1           0  0.31s           2022-08-28T09:37:16
/Users/khoundokarzahid/opt/anaconda3/envs/airflow-tutorial/lib/python3.7/site-packages/airflow/example_dags/example_branch_day_of_week_operator.py                               1           0  0.21s           2022-08-28T09:37:20
/Users/khoundokarzahid/opt/anaconda3/envs/airflow-tutorial/lib/python3.7/site-packages/airflow/example_dags/example_skip_dag.py                                                  1           0  0.20s           2022-08-28T09:37:00
/Users/khoundokarzahid/opt/anaconda3/envs/airflow-tutorial/lib/python3.7/site-packages/airflow/example_dags/example_trigger_target_dag.py                                        1           0  0.20s           2022-08-28T09:37:32
/Users/khoundokarzahid/opt/anaconda3/envs/airflow-tutorial/lib/python3.7/site-packages/airflow/example_dags/example_branch_python_dop_operator_3.py                              1           0  0.21s           2022-08-28T09:37:14
/Users/khoundokarzahid/opt/anaconda3/envs/airflow-tutorial/lib/python3.7/site-packages/airflow/example_dags/example_nested_branch_dag.py                                         1           0  0.21s           2022-08-28T09:37:05
/Users/khoundokarzahid/opt/anaconda3/envs/airflow-tutorial/lib/python3.7/site-packages/airflow/example_dags/example_trigger_controller_dag.py                                    1           0  0.10s           2022-08-28T09:37:34
/Users/khoundokarzahid/opt/anaconda3/envs/airflow-tutorial/lib/python3.7/site-packages/airflow/example_dags/example_external_task_marker_dag.py                                  2           0  0.41s           2022-08-28T09:37:11
/Users/khoundokarzahid/opt/anaconda3/envs/airflow-tutorial/lib/python3.7/site-packages/airflow/example_dags/example_xcomargs.py                                                  2           0  0.20s           2022-08-28T09:37:30
/Users/khoundokarzahid/opt/anaconda3/envs/airflow-tutorial/lib/python3.7/site-packages/airflow/example_dags/example_branch_datetime_operator.py                                  2           0  0.31s           2022-08-28T09:37:20
/Users/khoundokarzahid/opt/anaconda3/envs/airflow-tutorial/lib/python3.7/site-packages/airflow/example_dags/example_subdag_operator.py                                           3           0  0.61s           2022-08-28T09:36:58
================================================================================
[2022-08-28T15:38:05.391+0600] {manager.py:462} INFO - Exiting gracefully upon receiving signal 15
