[2022-08-28T15:37:10.625+0600] {processor.py:153} INFO - Started process (PID=28954) to work on /Users/khoundokarzahid/opt/anaconda3/envs/airflow-tutorial/lib/python3.7/site-packages/airflow/example_dags/example_external_task_marker_dag.py
[2022-08-28T15:37:10.627+0600] {processor.py:640} INFO - Processing file /Users/khoundokarzahid/opt/anaconda3/envs/airflow-tutorial/lib/python3.7/site-packages/airflow/example_dags/example_external_task_marker_dag.py for tasks to queue
[2022-08-28T15:37:10.629+0600] {logging_mixin.py:115} INFO - [2022-08-28T15:37:10.628+0600] {dagbag.py:508} INFO - Filling up the DagBag from /Users/khoundokarzahid/opt/anaconda3/envs/airflow-tutorial/lib/python3.7/site-packages/airflow/example_dags/example_external_task_marker_dag.py
[2022-08-28T15:37:10.640+0600] {processor.py:650} INFO - DAG(s) dict_keys(['example_external_task_marker_parent', 'example_external_task_marker_child']) retrieved from /Users/khoundokarzahid/opt/anaconda3/envs/airflow-tutorial/lib/python3.7/site-packages/airflow/example_dags/example_external_task_marker_dag.py
[2022-08-28T15:37:10.758+0600] {logging_mixin.py:115} INFO - [2022-08-28T15:37:10.758+0600] {manager.py:508} INFO - Created Permission View: can read on DAG:example_external_task_marker_parent
[2022-08-28T15:37:10.770+0600] {logging_mixin.py:115} INFO - [2022-08-28T15:37:10.770+0600] {manager.py:508} INFO - Created Permission View: can edit on DAG:example_external_task_marker_parent
[2022-08-28T15:37:10.778+0600] {logging_mixin.py:115} INFO - [2022-08-28T15:37:10.778+0600] {manager.py:508} INFO - Created Permission View: can delete on DAG:example_external_task_marker_parent
[2022-08-28T15:37:10.922+0600] {logging_mixin.py:115} INFO - [2022-08-28T15:37:10.921+0600] {manager.py:508} INFO - Created Permission View: can read on DAG:example_external_task_marker_child
[2022-08-28T15:37:10.930+0600] {logging_mixin.py:115} INFO - [2022-08-28T15:37:10.929+0600] {manager.py:508} INFO - Created Permission View: can edit on DAG:example_external_task_marker_child
[2022-08-28T15:37:10.938+0600] {logging_mixin.py:115} INFO - [2022-08-28T15:37:10.938+0600] {manager.py:508} INFO - Created Permission View: can delete on DAG:example_external_task_marker_child
[2022-08-28T15:37:10.939+0600] {logging_mixin.py:115} INFO - [2022-08-28T15:37:10.939+0600] {dag.py:2429} INFO - Sync 2 DAGs
[2022-08-28T15:37:10.950+0600] {logging_mixin.py:115} INFO - [2022-08-28T15:37:10.950+0600] {dag.py:2448} INFO - Creating ORM DAG for example_external_task_marker_parent
[2022-08-28T15:37:10.951+0600] {logging_mixin.py:115} INFO - [2022-08-28T15:37:10.951+0600] {dag.py:2448} INFO - Creating ORM DAG for example_external_task_marker_child
[2022-08-28T15:37:10.964+0600] {logging_mixin.py:115} INFO - [2022-08-28T15:37:10.964+0600] {dag.py:2981} INFO - Setting next_dagrun for example_external_task_marker_child to None, run_after=None
[2022-08-28T15:37:10.965+0600] {logging_mixin.py:115} INFO - [2022-08-28T15:37:10.965+0600] {dag.py:2981} INFO - Setting next_dagrun for example_external_task_marker_parent to None, run_after=None
[2022-08-28T15:37:10.984+0600] {processor.py:161} INFO - Processing /Users/khoundokarzahid/opt/anaconda3/envs/airflow-tutorial/lib/python3.7/site-packages/airflow/example_dags/example_external_task_marker_dag.py took 0.364 seconds
[2022-08-28T15:37:51.029+0600] {processor.py:153} INFO - Started process (PID=29572) to work on /Users/khoundokarzahid/opt/anaconda3/envs/airflow-tutorial/lib/python3.7/site-packages/airflow/example_dags/example_external_task_marker_dag.py
[2022-08-28T15:37:51.032+0600] {processor.py:640} INFO - Processing file /Users/khoundokarzahid/opt/anaconda3/envs/airflow-tutorial/lib/python3.7/site-packages/airflow/example_dags/example_external_task_marker_dag.py for tasks to queue
[2022-08-28T15:37:51.034+0600] {logging_mixin.py:115} INFO - [2022-08-28T15:37:51.034+0600] {dagbag.py:508} INFO - Filling up the DagBag from /Users/khoundokarzahid/opt/anaconda3/envs/airflow-tutorial/lib/python3.7/site-packages/airflow/example_dags/example_external_task_marker_dag.py
[2022-08-28T15:37:51.045+0600] {processor.py:650} INFO - DAG(s) dict_keys(['example_external_task_marker_parent', 'example_external_task_marker_child']) retrieved from /Users/khoundokarzahid/opt/anaconda3/envs/airflow-tutorial/lib/python3.7/site-packages/airflow/example_dags/example_external_task_marker_dag.py
[2022-08-28T15:37:51.184+0600] {logging_mixin.py:115} INFO - [2022-08-28T15:37:51.183+0600] {dag.py:2429} INFO - Sync 2 DAGs
[2022-08-28T15:37:51.208+0600] {logging_mixin.py:115} INFO - [2022-08-28T15:37:51.207+0600] {dag.py:2981} INFO - Setting next_dagrun for example_external_task_marker_child to None, run_after=None
[2022-08-28T15:37:51.208+0600] {logging_mixin.py:115} INFO - [2022-08-28T15:37:51.208+0600] {dag.py:2981} INFO - Setting next_dagrun for example_external_task_marker_parent to None, run_after=None
[2022-08-28T15:37:51.224+0600] {processor.py:161} INFO - Processing /Users/khoundokarzahid/opt/anaconda3/envs/airflow-tutorial/lib/python3.7/site-packages/airflow/example_dags/example_external_task_marker_dag.py took 0.198 seconds
