[2022-08-28T15:37:20.430+0600] {processor.py:153} INFO - Started process (PID=29093) to work on /Users/khoundokarzahid/opt/anaconda3/envs/airflow-tutorial/lib/python3.7/site-packages/airflow/example_dags/example_branch_datetime_operator.py
[2022-08-28T15:37:20.431+0600] {processor.py:640} INFO - Processing file /Users/khoundokarzahid/opt/anaconda3/envs/airflow-tutorial/lib/python3.7/site-packages/airflow/example_dags/example_branch_datetime_operator.py for tasks to queue
[2022-08-28T15:37:20.433+0600] {logging_mixin.py:115} INFO - [2022-08-28T15:37:20.432+0600] {dagbag.py:508} INFO - Filling up the DagBag from /Users/khoundokarzahid/opt/anaconda3/envs/airflow-tutorial/lib/python3.7/site-packages/airflow/example_dags/example_branch_datetime_operator.py
[2022-08-28T15:37:20.447+0600] {processor.py:650} INFO - DAG(s) dict_keys(['example_branch_datetime_operator', 'example_branch_datetime_operator_2']) retrieved from /Users/khoundokarzahid/opt/anaconda3/envs/airflow-tutorial/lib/python3.7/site-packages/airflow/example_dags/example_branch_datetime_operator.py
[2022-08-28T15:37:20.530+0600] {logging_mixin.py:115} INFO - [2022-08-28T15:37:20.529+0600] {manager.py:508} INFO - Created Permission View: can read on DAG:example_branch_datetime_operator
[2022-08-28T15:37:20.540+0600] {logging_mixin.py:115} INFO - [2022-08-28T15:37:20.539+0600] {manager.py:508} INFO - Created Permission View: can edit on DAG:example_branch_datetime_operator
[2022-08-28T15:37:20.547+0600] {logging_mixin.py:115} INFO - [2022-08-28T15:37:20.547+0600] {manager.py:508} INFO - Created Permission View: can delete on DAG:example_branch_datetime_operator
[2022-08-28T15:37:20.561+0600] {logging_mixin.py:115} INFO - [2022-08-28T15:37:20.560+0600] {manager.py:508} INFO - Created Permission View: can read on DAG:example_branch_datetime_operator_2
[2022-08-28T15:37:20.568+0600] {logging_mixin.py:115} INFO - [2022-08-28T15:37:20.568+0600] {manager.py:508} INFO - Created Permission View: can edit on DAG:example_branch_datetime_operator_2
[2022-08-28T15:37:20.576+0600] {logging_mixin.py:115} INFO - [2022-08-28T15:37:20.575+0600] {manager.py:508} INFO - Created Permission View: can delete on DAG:example_branch_datetime_operator_2
[2022-08-28T15:37:20.576+0600] {logging_mixin.py:115} INFO - [2022-08-28T15:37:20.576+0600] {dag.py:2429} INFO - Sync 2 DAGs
[2022-08-28T15:37:20.587+0600] {logging_mixin.py:115} INFO - [2022-08-28T15:37:20.586+0600] {dag.py:2448} INFO - Creating ORM DAG for example_branch_datetime_operator_2
[2022-08-28T15:37:20.588+0600] {logging_mixin.py:115} INFO - [2022-08-28T15:37:20.587+0600] {dag.py:2448} INFO - Creating ORM DAG for example_branch_datetime_operator
[2022-08-28T15:37:20.601+0600] {logging_mixin.py:115} INFO - [2022-08-28T15:37:20.601+0600] {dag.py:2981} INFO - Setting next_dagrun for example_branch_datetime_operator to 2022-08-27T00:00:00+00:00, run_after=2022-08-28T00:00:00+00:00
[2022-08-28T15:37:20.604+0600] {logging_mixin.py:115} INFO - [2022-08-28T15:37:20.604+0600] {dag.py:2981} INFO - Setting next_dagrun for example_branch_datetime_operator_2 to 2022-08-27T00:00:00+00:00, run_after=2022-08-28T00:00:00+00:00
[2022-08-28T15:37:20.620+0600] {processor.py:161} INFO - Processing /Users/khoundokarzahid/opt/anaconda3/envs/airflow-tutorial/lib/python3.7/site-packages/airflow/example_dags/example_branch_datetime_operator.py took 0.196 seconds
[2022-08-28T15:38:00.297+0600] {processor.py:153} INFO - Started process (PID=29709) to work on /Users/khoundokarzahid/opt/anaconda3/envs/airflow-tutorial/lib/python3.7/site-packages/airflow/example_dags/example_branch_datetime_operator.py
[2022-08-28T15:38:00.299+0600] {processor.py:640} INFO - Processing file /Users/khoundokarzahid/opt/anaconda3/envs/airflow-tutorial/lib/python3.7/site-packages/airflow/example_dags/example_branch_datetime_operator.py for tasks to queue
[2022-08-28T15:38:00.301+0600] {logging_mixin.py:115} INFO - [2022-08-28T15:38:00.300+0600] {dagbag.py:508} INFO - Filling up the DagBag from /Users/khoundokarzahid/opt/anaconda3/envs/airflow-tutorial/lib/python3.7/site-packages/airflow/example_dags/example_branch_datetime_operator.py
[2022-08-28T15:38:00.316+0600] {processor.py:650} INFO - DAG(s) dict_keys(['example_branch_datetime_operator', 'example_branch_datetime_operator_2']) retrieved from /Users/khoundokarzahid/opt/anaconda3/envs/airflow-tutorial/lib/python3.7/site-packages/airflow/example_dags/example_branch_datetime_operator.py
[2022-08-28T15:38:00.342+0600] {logging_mixin.py:115} INFO - [2022-08-28T15:38:00.342+0600] {dag.py:2429} INFO - Sync 2 DAGs
[2022-08-28T15:38:00.377+0600] {logging_mixin.py:115} INFO - [2022-08-28T15:38:00.377+0600] {dag.py:2981} INFO - Setting next_dagrun for example_branch_datetime_operator to 2022-08-27T00:00:00+00:00, run_after=2022-08-28T00:00:00+00:00
[2022-08-28T15:38:00.380+0600] {logging_mixin.py:115} INFO - [2022-08-28T15:38:00.379+0600] {dag.py:2981} INFO - Setting next_dagrun for example_branch_datetime_operator_2 to 2022-08-27T00:00:00+00:00, run_after=2022-08-28T00:00:00+00:00
[2022-08-28T15:38:00.393+0600] {processor.py:161} INFO - Processing /Users/khoundokarzahid/opt/anaconda3/envs/airflow-tutorial/lib/python3.7/site-packages/airflow/example_dags/example_branch_datetime_operator.py took 0.101 seconds
